{"C:\\Users\\tara.gulwell\\tennis-match-tracker-1\\app\\server\\Match.js": {"path":"C:\\Users\\tara.gulwell\\tennis-match-tracker-1\\app\\server\\Match.js","statementMap":{"0":{"start":{"line":5,"column":2},"end":{"line":5,"column":25}},"1":{"start":{"line":6,"column":2},"end":{"line":6,"column":25}},"2":{"start":{"line":8,"column":2},"end":{"line":8,"column":28}},"3":{"start":{"line":9,"column":2},"end":{"line":9,"column":28}},"4":{"start":{"line":10,"column":2},"end":{"line":10,"column":28}},"5":{"start":{"line":11,"column":2},"end":{"line":11,"column":28}},"6":{"start":{"line":12,"column":2},"end":{"line":12,"column":28}},"7":{"start":{"line":13,"column":2},"end":{"line":13,"column":28}},"8":{"start":{"line":15,"column":2},"end":{"line":15,"column":18}},"9":{"start":{"line":16,"column":2},"end":{"line":16,"column":18}},"10":{"start":{"line":17,"column":2},"end":{"line":17,"column":18}},"11":{"start":{"line":18,"column":2},"end":{"line":18,"column":19}},"12":{"start":{"line":22,"column":2},"end":{"line":24,"column":3}},"13":{"start":{"line":23,"column":3},"end":{"line":23,"column":127}},"14":{"start":{"line":25,"column":2},"end":{"line":37,"column":3}},"15":{"start":{"line":27,"column":4},"end":{"line":27,"column":92}},"16":{"start":{"line":28,"column":4},"end":{"line":28,"column":10}},"17":{"start":{"line":30,"column":4},"end":{"line":30,"column":92}},"18":{"start":{"line":31,"column":4},"end":{"line":31,"column":10}},"19":{"start":{"line":33,"column":4},"end":{"line":33,"column":92}},"20":{"start":{"line":34,"column":4},"end":{"line":34,"column":10}},"21":{"start":{"line":36,"column":4},"end":{"line":36,"column":96}},"22":{"start":{"line":41,"column":2},"end":{"line":51,"column":3}},"23":{"start":{"line":43,"column":4},"end":{"line":43,"column":98}},"24":{"start":{"line":44,"column":4},"end":{"line":44,"column":27}},"25":{"start":{"line":46,"column":4},"end":{"line":46,"column":98}},"26":{"start":{"line":47,"column":4},"end":{"line":47,"column":27}},"27":{"start":{"line":49,"column":4},"end":{"line":49,"column":98}},"28":{"start":{"line":50,"column":4},"end":{"line":50,"column":27}},"29":{"start":{"line":57,"column":2},"end":{"line":81,"column":3}},"30":{"start":{"line":59,"column":3},"end":{"line":65,"column":4}},"31":{"start":{"line":62,"column":4},"end":{"line":62,"column":36}},"32":{"start":{"line":64,"column":4},"end":{"line":64,"column":36}},"33":{"start":{"line":68,"column":3},"end":{"line":75,"column":4}},"34":{"start":{"line":69,"column":4},"end":{"line":69,"column":36}},"35":{"start":{"line":70,"column":10},"end":{"line":75,"column":4}},"36":{"start":{"line":71,"column":4},"end":{"line":71,"column":36}},"37":{"start":{"line":74,"column":4},"end":{"line":74,"column":91}},"38":{"start":{"line":82,"column":2},"end":{"line":82,"column":26}},"39":{"start":{"line":88,"column":19},"end":{"line":88,"column":20}},"40":{"start":{"line":90,"column":27},"end":{"line":90,"column":120}},"41":{"start":{"line":91,"column":27},"end":{"line":91,"column":120}},"42":{"start":{"line":93,"column":2},"end":{"line":95,"column":3}},"43":{"start":{"line":94,"column":3},"end":{"line":94,"column":84}},"44":{"start":{"line":97,"column":2},"end":{"line":102,"column":3}},"45":{"start":{"line":98,"column":28},"end":{"line":98,"column":121}},"46":{"start":{"line":99,"column":3},"end":{"line":101,"column":4}},"47":{"start":{"line":100,"column":4},"end":{"line":100,"column":85}},"48":{"start":{"line":108,"column":31},"end":{"line":108,"column":68}},"49":{"start":{"line":109,"column":2},"end":{"line":111,"column":3}},"50":{"start":{"line":110,"column":3},"end":{"line":110,"column":85}},"51":{"start":{"line":117,"column":2},"end":{"line":119,"column":3}},"52":{"start":{"line":118,"column":3},"end":{"line":118,"column":105}},"53":{"start":{"line":120,"column":2},"end":{"line":122,"column":3}},"54":{"start":{"line":121,"column":3},"end":{"line":121,"column":105}},"55":{"start":{"line":123,"column":2},"end":{"line":127,"column":3}},"56":{"start":{"line":124,"column":3},"end":{"line":126,"column":4}},"57":{"start":{"line":125,"column":4},"end":{"line":125,"column":106}},"58":{"start":{"line":134,"column":0},"end":{"line":134,"column":23}}},"fnMap":{"0":{"name":"(anonymous_0)","decl":{"start":{"line":3,"column":1},"end":{"line":3,"column":2}},"loc":{"start":{"line":3,"column":31},"end":{"line":19,"column":2}},"line":3},"1":{"name":"(anonymous_1)","decl":{"start":{"line":21,"column":1},"end":{"line":21,"column":2}},"loc":{"start":{"line":21,"column":28},"end":{"line":38,"column":2}},"line":21},"2":{"name":"(anonymous_2)","decl":{"start":{"line":40,"column":1},"end":{"line":40,"column":2}},"loc":{"start":{"line":40,"column":20},"end":{"line":52,"column":2}},"line":40},"3":{"name":"(anonymous_3)","decl":{"start":{"line":54,"column":1},"end":{"line":54,"column":2}},"loc":{"start":{"line":54,"column":19},"end":{"line":83,"column":2}},"line":54},"4":{"name":"(anonymous_4)","decl":{"start":{"line":86,"column":1},"end":{"line":86,"column":2}},"loc":{"start":{"line":86,"column":17},"end":{"line":104,"column":2}},"line":86},"5":{"name":"(anonymous_5)","decl":{"start":{"line":106,"column":1},"end":{"line":106,"column":2}},"loc":{"start":{"line":106,"column":51},"end":{"line":113,"column":2}},"line":106},"6":{"name":"(anonymous_6)","decl":{"start":{"line":115,"column":1},"end":{"line":115,"column":2}},"loc":{"start":{"line":115,"column":25},"end":{"line":129,"column":2}},"line":115}},"branchMap":{"0":{"loc":{"start":{"line":22,"column":2},"end":{"line":24,"column":3}},"type":"if","locations":[{"start":{"line":22,"column":2},"end":{"line":24,"column":3}},{"start":{},"end":{}}],"line":22},"1":{"loc":{"start":{"line":22,"column":6},"end":{"line":22,"column":29}},"type":"binary-expr","locations":[{"start":{"line":22,"column":6},"end":{"line":22,"column":15}},{"start":{"line":22,"column":19},"end":{"line":22,"column":29}}],"line":22},"2":{"loc":{"start":{"line":25,"column":2},"end":{"line":37,"column":3}},"type":"switch","locations":[{"start":{"line":26,"column":3},"end":{"line":28,"column":10}},{"start":{"line":29,"column":3},"end":{"line":31,"column":10}},{"start":{"line":32,"column":3},"end":{"line":34,"column":10}},{"start":{"line":35,"column":3},"end":{"line":36,"column":96}}],"line":25},"3":{"loc":{"start":{"line":27,"column":4},"end":{"line":27,"column":91}},"type":"cond-expr","locations":[{"start":{"line":27,"column":30},"end":{"line":27,"column":59}},{"start":{"line":27,"column":62},"end":{"line":27,"column":91}}],"line":27},"4":{"loc":{"start":{"line":30,"column":4},"end":{"line":30,"column":91}},"type":"cond-expr","locations":[{"start":{"line":30,"column":30},"end":{"line":30,"column":59}},{"start":{"line":30,"column":62},"end":{"line":30,"column":91}}],"line":30},"5":{"loc":{"start":{"line":33,"column":4},"end":{"line":33,"column":91}},"type":"cond-expr","locations":[{"start":{"line":33,"column":30},"end":{"line":33,"column":59}},{"start":{"line":33,"column":62},"end":{"line":33,"column":91}}],"line":33},"6":{"loc":{"start":{"line":41,"column":2},"end":{"line":51,"column":3}},"type":"switch","locations":[{"start":{"line":42,"column":3},"end":{"line":44,"column":27}},{"start":{"line":45,"column":3},"end":{"line":47,"column":27}},{"start":{"line":48,"column":3},"end":{"line":50,"column":27}}],"line":41},"7":{"loc":{"start":{"line":43,"column":22},"end":{"line":43,"column":97}},"type":"cond-expr","locations":[{"start":{"line":43,"column":70},"end":{"line":43,"column":82}},{"start":{"line":43,"column":85},"end":{"line":43,"column":97}}],"line":43},"8":{"loc":{"start":{"line":46,"column":22},"end":{"line":46,"column":97}},"type":"cond-expr","locations":[{"start":{"line":46,"column":70},"end":{"line":46,"column":82}},{"start":{"line":46,"column":85},"end":{"line":46,"column":97}}],"line":46},"9":{"loc":{"start":{"line":49,"column":22},"end":{"line":49,"column":97}},"type":"cond-expr","locations":[{"start":{"line":49,"column":70},"end":{"line":49,"column":82}},{"start":{"line":49,"column":85},"end":{"line":49,"column":97}}],"line":49},"10":{"loc":{"start":{"line":57,"column":2},"end":{"line":81,"column":3}},"type":"if","locations":[{"start":{"line":57,"column":2},"end":{"line":81,"column":3}},{"start":{"line":67,"column":9},"end":{"line":81,"column":3}}],"line":57},"11":{"loc":{"start":{"line":59,"column":3},"end":{"line":65,"column":4}},"type":"if","locations":[{"start":{"line":59,"column":3},"end":{"line":65,"column":4}},{"start":{"line":63,"column":10},"end":{"line":65,"column":4}}],"line":59},"12":{"loc":{"start":{"line":59,"column":7},"end":{"line":61,"column":74}},"type":"binary-expr","locations":[{"start":{"line":59,"column":8},"end":{"line":59,"column":40}},{"start":{"line":59,"column":44},"end":{"line":59,"column":76}},{"start":{"line":60,"column":5},"end":{"line":60,"column":37}},{"start":{"line":60,"column":41},"end":{"line":60,"column":73}},{"start":{"line":61,"column":5},"end":{"line":61,"column":37}},{"start":{"line":61,"column":41},"end":{"line":61,"column":73}}],"line":59},"13":{"loc":{"start":{"line":68,"column":3},"end":{"line":75,"column":4}},"type":"if","locations":[{"start":{"line":68,"column":3},"end":{"line":75,"column":4}},{"start":{"line":70,"column":10},"end":{"line":75,"column":4}}],"line":68},"14":{"loc":{"start":{"line":68,"column":7},"end":{"line":68,"column":75}},"type":"binary-expr","locations":[{"start":{"line":68,"column":7},"end":{"line":68,"column":39}},{"start":{"line":68,"column":43},"end":{"line":68,"column":75}}],"line":68},"15":{"loc":{"start":{"line":70,"column":10},"end":{"line":75,"column":4}},"type":"if","locations":[{"start":{"line":70,"column":10},"end":{"line":75,"column":4}},{"start":{"line":73,"column":10},"end":{"line":75,"column":4}}],"line":70},"16":{"loc":{"start":{"line":70,"column":14},"end":{"line":70,"column":82}},"type":"binary-expr","locations":[{"start":{"line":70,"column":14},"end":{"line":70,"column":46}},{"start":{"line":70,"column":50},"end":{"line":70,"column":82}}],"line":70},"17":{"loc":{"start":{"line":90,"column":27},"end":{"line":90,"column":120}},"type":"cond-expr","locations":[{"start":{"line":90,"column":75},"end":{"line":90,"column":96}},{"start":{"line":90,"column":99},"end":{"line":90,"column":120}}],"line":90},"18":{"loc":{"start":{"line":91,"column":27},"end":{"line":91,"column":120}},"type":"cond-expr","locations":[{"start":{"line":91,"column":75},"end":{"line":91,"column":96}},{"start":{"line":91,"column":99},"end":{"line":91,"column":120}}],"line":91},"19":{"loc":{"start":{"line":93,"column":2},"end":{"line":95,"column":3}},"type":"if","locations":[{"start":{"line":93,"column":2},"end":{"line":95,"column":3}},{"start":{},"end":{}}],"line":93},"20":{"loc":{"start":{"line":93,"column":6},"end":{"line":93,"column":64}},"type":"binary-expr","locations":[{"start":{"line":93,"column":6},"end":{"line":93,"column":33}},{"start":{"line":93,"column":37},"end":{"line":93,"column":64}}],"line":93},"21":{"loc":{"start":{"line":97,"column":2},"end":{"line":102,"column":3}},"type":"if","locations":[{"start":{"line":97,"column":2},"end":{"line":102,"column":3}},{"start":{},"end":{}}],"line":97},"22":{"loc":{"start":{"line":97,"column":6},"end":{"line":97,"column":52}},"type":"binary-expr","locations":[{"start":{"line":97,"column":6},"end":{"line":97,"column":27}},{"start":{"line":97,"column":31},"end":{"line":97,"column":52}}],"line":97},"23":{"loc":{"start":{"line":98,"column":28},"end":{"line":98,"column":121}},"type":"cond-expr","locations":[{"start":{"line":98,"column":76},"end":{"line":98,"column":97}},{"start":{"line":98,"column":100},"end":{"line":98,"column":121}}],"line":98},"24":{"loc":{"start":{"line":99,"column":3},"end":{"line":101,"column":4}},"type":"if","locations":[{"start":{"line":99,"column":3},"end":{"line":101,"column":4}},{"start":{},"end":{}}],"line":99},"25":{"loc":{"start":{"line":109,"column":2},"end":{"line":111,"column":3}},"type":"if","locations":[{"start":{"line":109,"column":2},"end":{"line":111,"column":3}},{"start":{},"end":{}}],"line":109},"26":{"loc":{"start":{"line":117,"column":2},"end":{"line":119,"column":3}},"type":"if","locations":[{"start":{"line":117,"column":2},"end":{"line":119,"column":3}},{"start":{},"end":{}}],"line":117},"27":{"loc":{"start":{"line":120,"column":2},"end":{"line":122,"column":3}},"type":"if","locations":[{"start":{"line":120,"column":2},"end":{"line":122,"column":3}},{"start":{},"end":{}}],"line":120},"28":{"loc":{"start":{"line":123,"column":2},"end":{"line":127,"column":3}},"type":"if","locations":[{"start":{"line":123,"column":2},"end":{"line":127,"column":3}},{"start":{},"end":{}}],"line":123},"29":{"loc":{"start":{"line":123,"column":6},"end":{"line":123,"column":52}},"type":"binary-expr","locations":[{"start":{"line":123,"column":6},"end":{"line":123,"column":27}},{"start":{"line":123,"column":31},"end":{"line":123,"column":52}}],"line":123},"30":{"loc":{"start":{"line":124,"column":3},"end":{"line":126,"column":4}},"type":"if","locations":[{"start":{"line":124,"column":3},"end":{"line":126,"column":4}},{"start":{},"end":{}}],"line":124}},"s":{"0":3,"1":3,"2":3,"3":3,"4":3,"5":3,"6":3,"7":3,"8":3,"9":3,"10":3,"11":3,"12":0,"13":0,"14":0,"15":0,"16":0,"17":0,"18":0,"19":0,"20":0,"21":0,"22":0,"23":0,"24":0,"25":0,"26":0,"27":0,"28":0,"29":0,"30":0,"31":0,"32":0,"33":0,"34":0,"35":0,"36":0,"37":0,"38":0,"39":0,"40":0,"41":0,"42":0,"43":0,"44":0,"45":0,"46":0,"47":0,"48":1,"49":1,"50":1,"51":2,"52":1,"53":1,"54":1,"55":0,"56":0,"57":0,"58":1},"f":{"0":3,"1":0,"2":0,"3":0,"4":0,"5":1,"6":2},"b":{"0":[0,0],"1":[0,0],"2":[0,0,0,0],"3":[0,0],"4":[0,0],"5":[0,0],"6":[0,0,0],"7":[0,0],"8":[0,0],"9":[0,0],"10":[0,0],"11":[0,0],"12":[0,0,0,0,0,0],"13":[0,0],"14":[0,0],"15":[0,0],"16":[0,0],"17":[0,0],"18":[0,0],"19":[0,0],"20":[0,0],"21":[0,0],"22":[0,0],"23":[0,0],"24":[0,0],"25":[1,0],"26":[1,1],"27":[1,0],"28":[0,0],"29":[0,0],"30":[0,0]},"_coverageSchema":"1a1c01bbd47fc00a2c39e90264f33305004495a9","hash":"8102625cc89ecc6c7737d654ee9a3cd56bc300f6"}
}
